# JRE version: Java(TM) SE Runtime Environment (8.0_131-b11) (build 1.8.0_131-b11)
# Java VM: Java HotSpot(TM) 64-Bit Server VM (25.131-b11 mixed mode windows-amd64 compressed oops)
Heap:
 PSYoungGen      total 52736K, used 7166K [0x0000000785b80000, 0x000000078c280000, 0x00000007c0000000)
  eden space 45568K, 0% used [0x0000000785b80000,0x0000000785b80000,0x0000000788800000)
  from space 7168K, 99% used [0x0000000788800000,0x0000000788eff810,0x0000000788f00000)
  to   space 7168K, 0% used [0x000000078bb80000,0x000000078bb80000,0x000000078c280000)
 ParOldGen       total 120320K, used 2519K [0x0000000711200000, 0x0000000718780000, 0x0000000785b80000)
  object space 120320K, 2% used [0x0000000711200000,0x0000000711475eb0,0x0000000718780000)
 Metaspace       used 20543K, capacity 21220K, committed 21296K, reserved 1067008K
  class space    used 2751K, capacity 2931K, committed 2944K, reserved 1048576K
GC Heap History (7 events):
Event: 4.348 GC heap before
{Heap before GC invocations=1 (full 0):
 PSYoungGen      total 52736K, used 45568K [0x0000000785b80000, 0x0000000789600000, 0x00000007c0000000)
  eden space 45568K, 100% used [0x0000000785b80000,0x0000000788800000,0x0000000788800000)
  from space 7168K, 0% used [0x0000000788f00000,0x0000000788f00000,0x0000000789600000)
  to   space 7168K, 0% used [0x0000000788800000,0x0000000788800000,0x0000000788f00000)
 ParOldGen       total 120320K, used 0K [0x0000000711200000, 0x0000000718780000, 0x0000000785b80000)
  object space 120320K, 0% used [0x0000000711200000,0x0000000711200000,0x0000000718780000)
 Metaspace       used 11775K, capacity 12094K, committed 12416K, reserved 1060864K
  class space    used 1489K, capacity 1576K, committed 1664K, reserved 1048576K
Event: 4.369 GC heap after
Heap after GC invocations=1 (full 0):
 PSYoungGen      total 52736K, used 6155K [0x0000000785b80000, 0x0000000789600000, 0x00000007c0000000)
  eden space 45568K, 0% used [0x0000000785b80000,0x0000000785b80000,0x0000000788800000)
  from space 7168K, 85% used [0x0000000788800000,0x0000000788e02d20,0x0000000788f00000)
  to   space 7168K, 0% used [0x0000000788f00000,0x0000000788f00000,0x0000000789600000)
 ParOldGen       total 120320K, used 16K [0x0000000711200000, 0x0000000718780000, 0x0000000785b80000)
  object space 120320K, 0% used [0x0000000711200000,0x0000000711204000,0x0000000718780000)
 Metaspace       used 11775K, capacity 12094K, committed 12416K, reserved 1060864K
  class space    used 1489K, capacity 1576K, committed 1664K, reserved 1048576K
}
Event: 5.465 GC heap before
{Heap before GC invocations=2 (full 0):
 PSYoungGen      total 52736K, used 51723K [0x0000000785b80000, 0x0000000789600000, 0x00000007c0000000)
  eden space 45568K, 100% used [0x0000000785b80000,0x0000000788800000,0x0000000788800000)
  from space 7168K, 85% used [0x0000000788800000,0x0000000788e02d20,0x0000000788f00000)
  to   space 7168K, 0% used [0x0000000788f00000,0x0000000788f00000,0x0000000789600000)
 ParOldGen       total 120320K, used 16K [0x0000000711200000, 0x0000000718780000, 0x0000000785b80000)
  object space 120320K, 0% used [0x0000000711200000,0x0000000711204000,0x0000000718780000)
 Metaspace       used 16123K, capacity 16702K, committed 17024K, reserved 1064960K
  class space    used 2187K, capacity 2348K, committed 2432K, reserved 1048576K
Event: 5.486 GC heap after
Heap after GC invocations=2 (full 0):
 PSYoungGen      total 52736K, used 7156K [0x0000000785b80000, 0x000000078c280000, 0x00000007c0000000)
  eden space 45568K, 0% used [0x0000000785b80000,0x0000000785b80000,0x0000000788800000)
  from space 7168K, 99% used [0x0000000788f00000,0x00000007895fd088,0x0000000789600000)
  to   space 7168K, 0% used [0x0000000788800000,0x0000000788800000,0x0000000788f00000)
 ParOldGen       total 120320K, used 262K [0x0000000711200000, 0x0000000718780000, 0x0000000785b80000)
  object space 120320K, 0% used [0x0000000711200000,0x0000000711241a10,0x0000000718780000)
 Metaspace       used 16123K, capacity 16702K, committed 17024K, reserved 1064960K
  class space    used 2187K, capacity 2348K, committed 2432K, reserved 1048576K
}
Event: 6.776 GC heap before
{Heap before GC invocations=3 (full 0):
 PSYoungGen      total 52736K, used 50210K [0x0000000785b80000, 0x000000078c280000, 0x00000007c0000000)
  eden space 45568K, 94% used [0x0000000785b80000,0x000000078858bb10,0x0000000788800000)
  from space 7168K, 99% used [0x0000000788f00000,0x00000007895fd088,0x0000000789600000)
  to   space 7168K, 0% used [0x0000000788800000,0x0000000788800000,0x0000000788f00000)
 ParOldGen       total 120320K, used 262K [0x0000000711200000, 0x0000000718780000, 0x0000000785b80000)
  object space 120320K, 0% used [0x0000000711200000,0x0000000711241a10,0x0000000718780000)
 Metaspace       used 20543K, capacity 21220K, committed 21296K, reserved 1067008K
  class space    used 2751K, capacity 2931K, committed 2944K, reserved 1048576K
Event: 6.796 GC heap after
Heap after GC invocations=3 (full 0):
 PSYoungGen      total 52736K, used 7166K [0x0000000785b80000, 0x000000078c280000, 0x00000007c0000000)
  eden space 45568K, 0% used [0x0000000785b80000,0x0000000785b80000,0x0000000788800000)
  from space 7168K, 99% used [0x0000000788800000,0x0000000788eff810,0x0000000788f00000)
  to   space 7168K, 0% used [0x000000078bb80000,0x000000078bb80000,0x000000078c280000)
 ParOldGen       total 120320K, used 2519K [0x0000000711200000, 0x0000000718780000, 0x0000000785b80000)
  object space 120320K, 2% used [0x0000000711200000,0x0000000711475eb0,0x0000000718780000)
 Metaspace       used 20543K, capacity 21220K, committed 21296K, reserved 1067008K
  class space    used 2751K, capacity 2931K, committed 2944K, reserved 1048576K
}
Event: 6.796 GC heap before
{Heap before GC invocations=4 (full 1):
 PSYoungGen      total 52736K, used 7166K [0x0000000785b80000, 0x000000078c280000, 0x00000007c0000000)
  eden space 45568K, 0% used [0x0000000785b80000,0x0000000785b80000,0x0000000788800000)
  from space 7168K, 99% used [0x0000000788800000,0x0000000788eff810,0x0000000788f00000)
  to   space 7168K, 0% used [0x000000078bb80000,0x000000078bb80000,0x000000078c280000)
 ParOldGen       total 120320K, used 2519K [0x0000000711200000, 0x0000000718780000, 0x0000000785b80000)
  object space 120320K, 2% used [0x0000000711200000,0x0000000711475eb0,0x0000000718780000)
 Metaspace       used 20543K, capacity 21220K, committed 21296K, reserved 1067008K
  class space    used 2751K, capacity 2931K, committed 2944K, reserved 1048576K

